build/app/intermediates/manifest_merge_blame_file/release/manifest-merger-blame-release-report.txt
1<?xml version="1.0" encoding="utf-8"?>
2<manifest xmlns:android="http://schemas.android.com/apk/res/android"
3    package="com.appicator.itp_voice"
4    android:versionCode="14"
5    android:versionName="1.1.1" >
6
7    <uses-sdk
7-->src/main/AndroidManifest.xml:11:2-56
8        android:minSdkVersion="23"
8-->src/main/AndroidManifest.xml:11:2-56
9        android:targetSdkVersion="34" />
9-->src/main/AndroidManifest.xml:11:2-56
10
11    <uses-permission android:name="android.hardware.sensor.proximity" />
11-->src/main/AndroidManifest.xml:5:1-68
11-->src/main/AndroidManifest.xml:5:18-66
12    <uses-permission android:name="android.permission.BODY_SENSORS" />
12-->src/main/AndroidManifest.xml:6:1-66
12-->src/main/AndroidManifest.xml:6:18-64
13    <uses-permission android:name="android.permission.BODY_SENSORS_BACKGROUND" />
13-->src/main/AndroidManifest.xml:7:1-77
13-->src/main/AndroidManifest.xml:7:18-75
14    <uses-permission android:name="android.permission.ACTIVITY_RECOGNITION" />
14-->src/main/AndroidManifest.xml:8:1-74
14-->src/main/AndroidManifest.xml:8:18-72
15    <uses-permission android:name="android.permission.INTERNET" />
15-->src/main/AndroidManifest.xml:9:1-62
15-->src/main/AndroidManifest.xml:9:18-60
16
17    <!-- Add this -->
18    <uses-feature
18-->src/main/AndroidManifest.xml:14:1-79
19        android:name="android.hardware.camera"
19-->src/main/AndroidManifest.xml:14:15-53
20        android:required="true" />
20-->src/main/AndroidManifest.xml:14:54-77
21    <uses-feature android:name="android.hardware.camera.autofocus" />
21-->src/main/AndroidManifest.xml:15:1-65
21-->src/main/AndroidManifest.xml:15:15-63
22
23    <uses-permission android:name="android.permission.CAMERA" />
23-->src/main/AndroidManifest.xml:16:1-60
23-->src/main/AndroidManifest.xml:16:18-58
24    <uses-permission android:name="android.permission.RECORD_AUDIO" />
24-->src/main/AndroidManifest.xml:17:1-66
24-->src/main/AndroidManifest.xml:17:18-64
25    <uses-permission android:name="android.permission.ACCESS_NETWORK_STATE" />
25-->src/main/AndroidManifest.xml:18:1-74
25-->src/main/AndroidManifest.xml:18:18-72
26    <uses-permission android:name="android.permission.CHANGE_NETWORK_STATE" />
26-->src/main/AndroidManifest.xml:19:1-74
26-->src/main/AndroidManifest.xml:19:18-72
27    <uses-permission android:name="android.permission.INTERNET" />
27-->src/main/AndroidManifest.xml:9:1-62
27-->src/main/AndroidManifest.xml:9:18-60
28    <uses-permission android:name="android.permission.ACCESS_NETWORK_STATE" />
28-->src/main/AndroidManifest.xml:18:1-74
28-->src/main/AndroidManifest.xml:18:18-72
29    <uses-permission android:name="android.permission.ACCESS_WIFI_STATE" />
29-->src/main/AndroidManifest.xml:22:1-71
29-->src/main/AndroidManifest.xml:22:18-69
30    <uses-permission android:name="android.permission.MODIFY_AUDIO_SETTINGS" />
30-->src/main/AndroidManifest.xml:23:1-75
30-->src/main/AndroidManifest.xml:23:18-73
31    <uses-permission android:name="android.permission.FOREGROUND_SERVICE" />
31-->src/main/AndroidManifest.xml:24:1-72
31-->src/main/AndroidManifest.xml:24:18-70
32    <uses-permission android:name="android.permission.WAKE_LOCK" />
32-->src/main/AndroidManifest.xml:25:1-63
32-->src/main/AndroidManifest.xml:25:18-61
33    <uses-permission android:name="android.permission.MEDIA_CONTENT_CONTROL" />
33-->src/main/AndroidManifest.xml:26:1-75
33-->src/main/AndroidManifest.xml:26:18-73
34    <uses-permission android:name="android.permission.READ_EXTERNAL_STORAGE" />
34-->src/main/AndroidManifest.xml:27:1-75
34-->src/main/AndroidManifest.xml:27:18-73
35    <uses-permission android:name="android.permission.WRITE_EXTERNAL_STORAGE" />
35-->src/main/AndroidManifest.xml:28:1-76
35-->src/main/AndroidManifest.xml:28:18-74
36    <uses-permission android:name="android.permission.MANAGE_EXTERNAL_STORAGE" />
36-->src/main/AndroidManifest.xml:29:1-79
36-->src/main/AndroidManifest.xml:29:18-75
37    <uses-permission
37-->src/main/AndroidManifest.xml:30:1-63
38        android:name="android.permission.BLUETOOTH"
38-->src/main/AndroidManifest.xml:30:18-61
39        android:maxSdkVersion="30" />
39-->[com.github.davidliu:audioswitch:89582c47c9a04c62f90aa5e57251af4800a62c9a] AndroidManifest.xml:11:9-35
40    <uses-permission android:name="android.permission.BLUETOOTH_ADMIN" />
40-->src/main/AndroidManifest.xml:31:1-69
40-->src/main/AndroidManifest.xml:31:18-67
41    <uses-permission android:name="android.permission.ACCESS_COARSE_LOCATION" />
41-->src/main/AndroidManifest.xml:32:1-76
41-->src/main/AndroidManifest.xml:32:18-74
42    <uses-permission android:name="android.permission.BLUETOOTH_CONNECT" />
42-->src/main/AndroidManifest.xml:33:1-71
42-->src/main/AndroidManifest.xml:33:18-69
43    <!-- Permissions options for the `notification` group -->
44    <uses-permission android:name="android.permission.POST_NOTIFICATIONS" />
44-->[:firebase_messaging] AndroidManifest.xml:13:5-77
44-->[:firebase_messaging] AndroidManifest.xml:13:22-74
45    <uses-permission android:name="android.permission.VIBRATE" /> <!-- Required by older versions of Google Play services to create IID tokens -->
45-->[:flutter_local_notifications] AndroidManifest.xml:9:5-66
45-->[:flutter_local_notifications] AndroidManifest.xml:9:22-63
46    <uses-permission android:name="com.google.android.c2dm.permission.RECEIVE" />
46-->[com.google.firebase:firebase-messaging:24.0.0] AndroidManifest.xml:26:5-82
46-->[com.google.firebase:firebase-messaging:24.0.0] AndroidManifest.xml:26:22-79
47    <uses-permission android:name="com.google.android.gms.permission.AD_ID" />
47-->[com.google.android.gms:play-services-measurement-api:22.0.1] AndroidManifest.xml:25:5-79
47-->[com.google.android.gms:play-services-measurement-api:22.0.1] AndroidManifest.xml:25:22-76
48    <uses-permission android:name="android.permission.ACCESS_ADSERVICES_ATTRIBUTION" />
48-->[com.google.android.gms:play-services-measurement-api:22.0.1] AndroidManifest.xml:26:5-88
48-->[com.google.android.gms:play-services-measurement-api:22.0.1] AndroidManifest.xml:26:22-85
49    <uses-permission android:name="android.permission.ACCESS_ADSERVICES_AD_ID" />
49-->[com.google.android.gms:play-services-measurement-api:22.0.1] AndroidManifest.xml:27:5-82
49-->[com.google.android.gms:play-services-measurement-api:22.0.1] AndroidManifest.xml:27:22-79
50
51    <queries>
51-->[androidx.media2:media2-session:1.2.1] AndroidManifest.xml:24:5-34:15
52        <intent>
52-->[androidx.media2:media2-session:1.2.1] AndroidManifest.xml:25:9-27:18
53            <action android:name="android.media.browse.MediaBrowserService" />
53-->src/main/AndroidManifest.xml:59:13-79
53-->src/main/AndroidManifest.xml:59:21-76
54        </intent>
55        <intent>
55-->[androidx.media2:media2-session:1.2.1] AndroidManifest.xml:28:9-30:18
56            <action android:name="androidx.media2.session.MediaSessionService" />
56-->[androidx.media2:media2-session:1.2.1] AndroidManifest.xml:29:13-82
56-->[androidx.media2:media2-session:1.2.1] AndroidManifest.xml:29:21-79
57        </intent>
58        <intent>
58-->[androidx.media2:media2-session:1.2.1] AndroidManifest.xml:31:9-33:18
59            <action android:name="androidx.media2.session.MediaLibraryService" />
59-->[androidx.media2:media2-session:1.2.1] AndroidManifest.xml:32:13-82
59-->[androidx.media2:media2-session:1.2.1] AndroidManifest.xml:32:21-79
60        </intent>
61    </queries>
62
63    <uses-permission android:name="com.google.android.finsky.permission.BIND_GET_INSTALL_REFERRER_SERVICE" />
63-->[com.google.android.gms:play-services-measurement:22.0.1] AndroidManifest.xml:26:5-110
63-->[com.google.android.gms:play-services-measurement:22.0.1] AndroidManifest.xml:26:22-107
64    <uses-permission android:name="com.google.android.providers.gsf.permission.READ_GSERVICES" />
64-->[com.google.android.recaptcha:recaptcha:18.4.0] AndroidManifest.xml:9:5-98
64-->[com.google.android.recaptcha:recaptcha:18.4.0] AndroidManifest.xml:9:22-95
65
66    <permission
66-->[androidx.core:core:1.13.1] AndroidManifest.xml:22:5-24:47
67        android:name="com.appicator.itp_voice.DYNAMIC_RECEIVER_NOT_EXPORTED_PERMISSION"
67-->[androidx.core:core:1.13.1] AndroidManifest.xml:23:9-81
68        android:protectionLevel="signature" />
68-->[androidx.core:core:1.13.1] AndroidManifest.xml:24:9-44
69
70    <uses-permission android:name="com.appicator.itp_voice.DYNAMIC_RECEIVER_NOT_EXPORTED_PERMISSION" />
70-->[androidx.core:core:1.13.1] AndroidManifest.xml:26:5-97
70-->[androidx.core:core:1.13.1] AndroidManifest.xml:26:22-94
71
72    <application
73        android:name="android.app.Application"
73-->src/main/AndroidManifest.xml:34:39-72
74        android:appComponentFactory="androidx.core.app.CoreComponentFactory"
74-->[androidx.core:core:1.13.1] AndroidManifest.xml:28:18-86
75        android:extractNativeLibs="false"
76        android:icon="@mipmap/ic_launcher"
76-->src/main/AndroidManifest.xml:34:73-107
77        android:label="VOICE360"
77-->src/main/AndroidManifest.xml:34:14-38
78        android:requestLegacyExternalStorage="true" >
78-->src/main/AndroidManifest.xml:34:108-151
79        <activity
79-->src/main/AndroidManifest.xml:35:1-53:12
80            android:name="com.appicator.itp_voice.MainActivity"
80-->src/main/AndroidManifest.xml:35:11-39
81            android:configChanges="orientation|keyboardHidden|keyboard|screenSize|smallestScreenSize|locale|layoutDirection|fontScale|screenLayout|density|uiMode"
81-->src/main/AndroidManifest.xml:35:130-280
82            android:exported="true"
82-->src/main/AndroidManifest.xml:35:40-63
83            android:hardwareAccelerated="true"
83-->src/main/AndroidManifest.xml:35:281-315
84            android:launchMode="singleTop"
84-->src/main/AndroidManifest.xml:35:64-94
85            android:theme="@style/LaunchTheme"
85-->src/main/AndroidManifest.xml:35:95-129
86            android:windowSoftInputMode="adjustResize" >
86-->src/main/AndroidManifest.xml:35:316-358
87
88            <!--
89      Specifies an Android theme to apply to this Activity as soon as
90                 the Android process has started. This theme is visible to the user
91                 while the Flutter UI initializes. After that, this theme continues
92                 to determine the Window background behind the Flutter UI.
93            -->
94            <meta-data
94-->src/main/AndroidManifest.xml:40:1-107
95                android:name="io.flutter.embedding.android.NormalTheme"
95-->src/main/AndroidManifest.xml:40:12-67
96                android:resource="@style/NormalTheme" />
96-->src/main/AndroidManifest.xml:40:68-105
97            <meta-data
97-->src/main/AndroidManifest.xml:44:1-115
98                android:name="com.google.firebase.messaging.default_notification_channel_id"
98-->src/main/AndroidManifest.xml:44:12-88
99                android:value="itpvoice" />
99-->src/main/AndroidManifest.xml:44:89-113
100
101            <intent-filter>
101-->src/main/AndroidManifest.xml:45:1-48:17
102                <action android:name="android.intent.action.MAIN" />
102-->src/main/AndroidManifest.xml:46:1-52
102-->src/main/AndroidManifest.xml:46:9-50
103
104                <category android:name="android.intent.category.LAUNCHER" />
104-->src/main/AndroidManifest.xml:47:1-60
104-->src/main/AndroidManifest.xml:47:11-58
105            </intent-filter>
106            <intent-filter>
106-->src/main/AndroidManifest.xml:49:1-52:17
107                <action android:name="FLUTTER_NOTIFICATION_CLICK" />
107-->src/main/AndroidManifest.xml:50:1-52
107-->src/main/AndroidManifest.xml:50:9-50
108
109                <category android:name="android.intent.category.DEFAULT" />
109-->src/main/AndroidManifest.xml:51:1-59
109-->src/main/AndroidManifest.xml:51:11-57
110            </intent-filter>
111        </activity>
112
113        <!-- ADD THIS "SERVICE" element -->
114        <service
114-->src/main/AndroidManifest.xml:56:9-61:19
115            android:name="com.ryanheise.audioservice.AudioService"
115-->src/main/AndroidManifest.xml:56:18-72
116            android:exported="true" >
116-->src/main/AndroidManifest.xml:57:13-36
117            <intent-filter>
117-->src/main/AndroidManifest.xml:58:9-60:25
118                <action android:name="android.media.browse.MediaBrowserService" />
118-->src/main/AndroidManifest.xml:59:13-79
118-->src/main/AndroidManifest.xml:59:21-76
119            </intent-filter>
120        </service>
121
122        <receiver
122-->src/main/AndroidManifest.xml:63:2-68:20
123            android:name="com.ryanheise.audioservice.MediaButtonReceiver"
123-->src/main/AndroidManifest.xml:63:12-73
124            android:exported="true" >
124-->src/main/AndroidManifest.xml:64:13-36
125            <intent-filter>
125-->src/main/AndroidManifest.xml:65:9-67:25
126                <action android:name="android.intent.action.MEDIA_BUTTON" />
126-->src/main/AndroidManifest.xml:66:13-73
126-->src/main/AndroidManifest.xml:66:21-70
127            </intent-filter>
128        </receiver>
129
130        <!--
131      Don't delete the meta-data below.
132             This is used by the Flutter tool to generate GeneratedPluginRegistrant.java
133        -->
134        <meta-data
134-->src/main/AndroidManifest.xml:72:1-63
135            android:name="flutterEmbedding"
135-->src/main/AndroidManifest.xml:72:12-43
136            android:value="2" />
136-->src/main/AndroidManifest.xml:72:44-61
137
138        <service
138-->[:cloud_firestore] AndroidManifest.xml:10:9-14:19
139            android:name="com.google.firebase.components.ComponentDiscoveryService"
139-->[:cloud_firestore] AndroidManifest.xml:10:18-89
140            android:directBootAware="true"
140-->[com.google.firebase:firebase-common:21.0.0] AndroidManifest.xml:32:13-43
141            android:exported="false" >
141-->[com.google.firebase:firebase-firestore:25.0.0] AndroidManifest.xml:16:13-37
142            <meta-data
142-->[:cloud_firestore] AndroidManifest.xml:11:13-13:85
143                android:name="com.google.firebase.components:io.flutter.plugins.firebase.firestore.FlutterFirebaseFirestoreRegistrar"
143-->[:cloud_firestore] AndroidManifest.xml:12:17-134
144                android:value="com.google.firebase.components.ComponentRegistrar" />
144-->[:cloud_firestore] AndroidManifest.xml:13:17-82
145            <meta-data
145-->[:firebase_auth] AndroidManifest.xml:11:13-13:85
146                android:name="com.google.firebase.components:io.flutter.plugins.firebase.auth.FlutterFirebaseAuthRegistrar"
146-->[:firebase_auth] AndroidManifest.xml:12:17-124
147                android:value="com.google.firebase.components.ComponentRegistrar" />
147-->[:firebase_auth] AndroidManifest.xml:13:17-82
148            <meta-data
148-->[:firebase_messaging] AndroidManifest.xml:38:13-40:85
149                android:name="com.google.firebase.components:io.flutter.plugins.firebase.messaging.FlutterFirebaseAppRegistrar"
149-->[:firebase_messaging] AndroidManifest.xml:39:17-128
150                android:value="com.google.firebase.components.ComponentRegistrar" />
150-->[:firebase_messaging] AndroidManifest.xml:40:17-82
151            <meta-data
151-->[:firebase_core] AndroidManifest.xml:11:13-13:85
152                android:name="com.google.firebase.components:io.flutter.plugins.firebase.core.FlutterFirebaseCoreRegistrar"
152-->[:firebase_core] AndroidManifest.xml:12:17-124
153                android:value="com.google.firebase.components.ComponentRegistrar" />
153-->[:firebase_core] AndroidManifest.xml:13:17-82
154            <meta-data
154-->[com.google.firebase:firebase-firestore:25.0.0] AndroidManifest.xml:17:13-19:85
155                android:name="com.google.firebase.components:com.google.firebase.firestore.FirebaseFirestoreKtxRegistrar"
155-->[com.google.firebase:firebase-firestore:25.0.0] AndroidManifest.xml:18:17-122
156                android:value="com.google.firebase.components.ComponentRegistrar" />
156-->[com.google.firebase:firebase-firestore:25.0.0] AndroidManifest.xml:19:17-82
157            <meta-data
157-->[com.google.firebase:firebase-firestore:25.0.0] AndroidManifest.xml:20:13-22:85
158                android:name="com.google.firebase.components:com.google.firebase.firestore.FirestoreRegistrar"
158-->[com.google.firebase:firebase-firestore:25.0.0] AndroidManifest.xml:21:17-111
159                android:value="com.google.firebase.components.ComponentRegistrar" />
159-->[com.google.firebase:firebase-firestore:25.0.0] AndroidManifest.xml:22:17-82
160            <meta-data
160-->[com.google.firebase:firebase-auth:23.0.0] AndroidManifest.xml:69:13-71:85
161                android:name="com.google.firebase.components:com.google.firebase.auth.FirebaseAuthRegistrar"
161-->[com.google.firebase:firebase-auth:23.0.0] AndroidManifest.xml:70:17-109
162                android:value="com.google.firebase.components.ComponentRegistrar" />
162-->[com.google.firebase:firebase-auth:23.0.0] AndroidManifest.xml:71:17-82
163            <meta-data
163-->[com.google.firebase:firebase-messaging:24.0.0] AndroidManifest.xml:57:13-59:85
164                android:name="com.google.firebase.components:com.google.firebase.messaging.FirebaseMessagingKtxRegistrar"
164-->[com.google.firebase:firebase-messaging:24.0.0] AndroidManifest.xml:58:17-122
165                android:value="com.google.firebase.components.ComponentRegistrar" />
165-->[com.google.firebase:firebase-messaging:24.0.0] AndroidManifest.xml:59:17-82
166            <meta-data
166-->[com.google.firebase:firebase-messaging:24.0.0] AndroidManifest.xml:60:13-62:85
167                android:name="com.google.firebase.components:com.google.firebase.messaging.FirebaseMessagingRegistrar"
167-->[com.google.firebase:firebase-messaging:24.0.0] AndroidManifest.xml:61:17-119
168                android:value="com.google.firebase.components.ComponentRegistrar" />
168-->[com.google.firebase:firebase-messaging:24.0.0] AndroidManifest.xml:62:17-82
169            <meta-data
169-->[com.google.android.gms:play-services-measurement-api:22.0.1] AndroidManifest.xml:37:13-39:85
170                android:name="com.google.firebase.components:com.google.firebase.analytics.connector.internal.AnalyticsConnectorRegistrar"
170-->[com.google.android.gms:play-services-measurement-api:22.0.1] AndroidManifest.xml:38:17-139
171                android:value="com.google.firebase.components.ComponentRegistrar" />
171-->[com.google.android.gms:play-services-measurement-api:22.0.1] AndroidManifest.xml:39:17-82
172            <meta-data
172-->[com.google.firebase:firebase-installations:18.0.0] AndroidManifest.xml:15:13-17:85
173                android:name="com.google.firebase.components:com.google.firebase.installations.FirebaseInstallationsKtxRegistrar"
173-->[com.google.firebase:firebase-installations:18.0.0] AndroidManifest.xml:16:17-130
174                android:value="com.google.firebase.components.ComponentRegistrar" />
174-->[com.google.firebase:firebase-installations:18.0.0] AndroidManifest.xml:17:17-82
175            <meta-data
175-->[com.google.firebase:firebase-installations:18.0.0] AndroidManifest.xml:18:13-20:85
176                android:name="com.google.firebase.components:com.google.firebase.installations.FirebaseInstallationsRegistrar"
176-->[com.google.firebase:firebase-installations:18.0.0] AndroidManifest.xml:19:17-127
177                android:value="com.google.firebase.components.ComponentRegistrar" />
177-->[com.google.firebase:firebase-installations:18.0.0] AndroidManifest.xml:20:17-82
178            <meta-data
178-->[com.google.firebase:firebase-common-ktx:21.0.0] AndroidManifest.xml:12:13-14:85
179                android:name="com.google.firebase.components:com.google.firebase.ktx.FirebaseCommonLegacyRegistrar"
179-->[com.google.firebase:firebase-common-ktx:21.0.0] AndroidManifest.xml:13:17-116
180                android:value="com.google.firebase.components.ComponentRegistrar" />
180-->[com.google.firebase:firebase-common-ktx:21.0.0] AndroidManifest.xml:14:17-82
181            <meta-data
181-->[com.google.firebase:firebase-common:21.0.0] AndroidManifest.xml:35:13-37:85
182                android:name="com.google.firebase.components:com.google.firebase.FirebaseCommonKtxRegistrar"
182-->[com.google.firebase:firebase-common:21.0.0] AndroidManifest.xml:36:17-109
183                android:value="com.google.firebase.components.ComponentRegistrar" />
183-->[com.google.firebase:firebase-common:21.0.0] AndroidManifest.xml:37:17-82
184            <meta-data
184-->[com.google.firebase:firebase-datatransport:18.2.0] AndroidManifest.xml:25:13-27:85
185                android:name="com.google.firebase.components:com.google.firebase.datatransport.TransportRegistrar"
185-->[com.google.firebase:firebase-datatransport:18.2.0] AndroidManifest.xml:26:17-115
186                android:value="com.google.firebase.components.ComponentRegistrar" />
186-->[com.google.firebase:firebase-datatransport:18.2.0] AndroidManifest.xml:27:17-82
187        </service>
188        <service
188-->[:firebase_messaging] AndroidManifest.xml:16:9-19:72
189            android:name="io.flutter.plugins.firebase.messaging.FlutterFirebaseMessagingBackgroundService"
189-->[:firebase_messaging] AndroidManifest.xml:17:13-107
190            android:exported="false"
190-->[:firebase_messaging] AndroidManifest.xml:18:13-37
191            android:permission="android.permission.BIND_JOB_SERVICE" />
191-->[:firebase_messaging] AndroidManifest.xml:19:13-69
192        <service
192-->[:firebase_messaging] AndroidManifest.xml:20:9-26:19
193            android:name="io.flutter.plugins.firebase.messaging.FlutterFirebaseMessagingService"
193-->[:firebase_messaging] AndroidManifest.xml:21:13-97
194            android:exported="false" >
194-->[:firebase_messaging] AndroidManifest.xml:22:13-37
195            <intent-filter>
195-->[:firebase_messaging] AndroidManifest.xml:23:13-25:29
196                <action android:name="com.google.firebase.MESSAGING_EVENT" />
196-->[:firebase_messaging] AndroidManifest.xml:24:17-78
196-->[:firebase_messaging] AndroidManifest.xml:24:25-75
197            </intent-filter>
198        </service>
199
200        <receiver
200-->[:firebase_messaging] AndroidManifest.xml:28:9-35:20
201            android:name="io.flutter.plugins.firebase.messaging.FlutterFirebaseMessagingReceiver"
201-->[:firebase_messaging] AndroidManifest.xml:29:13-98
202            android:exported="true"
202-->[:firebase_messaging] AndroidManifest.xml:30:13-36
203            android:permission="com.google.android.c2dm.permission.SEND" >
203-->[:firebase_messaging] AndroidManifest.xml:31:13-73
204            <intent-filter>
204-->[:firebase_messaging] AndroidManifest.xml:32:13-34:29
205                <action android:name="com.google.android.c2dm.intent.RECEIVE" />
205-->[:firebase_messaging] AndroidManifest.xml:33:17-81
205-->[:firebase_messaging] AndroidManifest.xml:33:25-78
206            </intent-filter>
207        </receiver>
208
209        <provider
209-->[:firebase_messaging] AndroidManifest.xml:43:9-47:38
210            android:name="io.flutter.plugins.firebase.messaging.FlutterFirebaseMessagingInitProvider"
210-->[:firebase_messaging] AndroidManifest.xml:44:13-102
211            android:authorities="com.appicator.itp_voice.flutterfirebasemessaginginitprovider"
211-->[:firebase_messaging] AndroidManifest.xml:45:13-88
212            android:exported="false"
212-->[:firebase_messaging] AndroidManifest.xml:46:13-37
213            android:initOrder="99" />
213-->[:firebase_messaging] AndroidManifest.xml:47:13-35
214        <provider
214-->[:image_picker_android] AndroidManifest.xml:11:9-19:20
215            android:name="io.flutter.plugins.imagepicker.ImagePickerFileProvider"
215-->[:image_picker_android] AndroidManifest.xml:12:13-82
216            android:authorities="com.appicator.itp_voice.flutter.image_provider"
216-->[:image_picker_android] AndroidManifest.xml:13:13-74
217            android:exported="false"
217-->[:image_picker_android] AndroidManifest.xml:14:13-37
218            android:grantUriPermissions="true" >
218-->[:image_picker_android] AndroidManifest.xml:15:13-47
219            <meta-data
219-->[:image_picker_android] AndroidManifest.xml:16:13-18:75
220                android:name="android.support.FILE_PROVIDER_PATHS"
220-->[:image_picker_android] AndroidManifest.xml:17:17-67
221                android:resource="@xml/flutter_image_picker_file_paths" />
221-->[:image_picker_android] AndroidManifest.xml:18:17-72
222        </provider> <!-- Trigger Google Play services to install the backported photo picker module. -->
223        <service
223-->[:image_picker_android] AndroidManifest.xml:21:9-33:19
224            android:name="com.google.android.gms.metadata.ModuleDependencies"
224-->[:image_picker_android] AndroidManifest.xml:22:13-78
225            android:enabled="false"
225-->[:image_picker_android] AndroidManifest.xml:23:13-36
226            android:exported="false" >
226-->[:image_picker_android] AndroidManifest.xml:24:13-37
227            <intent-filter>
227-->[:image_picker_android] AndroidManifest.xml:26:13-28:29
228                <action android:name="com.google.android.gms.metadata.MODULE_DEPENDENCIES" />
228-->[:image_picker_android] AndroidManifest.xml:27:17-94
228-->[:image_picker_android] AndroidManifest.xml:27:25-91
229            </intent-filter>
230
231            <meta-data
231-->[:image_picker_android] AndroidManifest.xml:30:13-32:36
232                android:name="photopicker_activity:0:required"
232-->[:image_picker_android] AndroidManifest.xml:31:17-63
233                android:value="" />
233-->[:image_picker_android] AndroidManifest.xml:32:17-33
234        </service>
235
236        <activity
236-->[com.google.firebase:firebase-auth:23.0.0] AndroidManifest.xml:29:9-46:20
237            android:name="com.google.firebase.auth.internal.GenericIdpActivity"
237-->[com.google.firebase:firebase-auth:23.0.0] AndroidManifest.xml:30:13-80
238            android:excludeFromRecents="true"
238-->[com.google.firebase:firebase-auth:23.0.0] AndroidManifest.xml:31:13-46
239            android:exported="true"
239-->[com.google.firebase:firebase-auth:23.0.0] AndroidManifest.xml:32:13-36
240            android:launchMode="singleTask"
240-->[com.google.firebase:firebase-auth:23.0.0] AndroidManifest.xml:33:13-44
241            android:theme="@android:style/Theme.Translucent.NoTitleBar" >
241-->[com.google.firebase:firebase-auth:23.0.0] AndroidManifest.xml:34:13-72
242            <intent-filter>
242-->[com.google.firebase:firebase-auth:23.0.0] AndroidManifest.xml:35:13-45:29
243                <action android:name="android.intent.action.VIEW" />
243-->[com.google.firebase:firebase-auth:23.0.0] AndroidManifest.xml:36:17-69
243-->[com.google.firebase:firebase-auth:23.0.0] AndroidManifest.xml:36:25-66
244
245                <category android:name="android.intent.category.DEFAULT" />
245-->src/main/AndroidManifest.xml:51:1-59
245-->src/main/AndroidManifest.xml:51:11-57
246                <category android:name="android.intent.category.BROWSABLE" />
246-->[com.google.firebase:firebase-auth:23.0.0] AndroidManifest.xml:39:17-78
246-->[com.google.firebase:firebase-auth:23.0.0] AndroidManifest.xml:39:27-75
247
248                <data
248-->[com.google.firebase:firebase-auth:23.0.0] AndroidManifest.xml:41:17-44:51
249                    android:host="firebase.auth"
249-->[com.google.firebase:firebase-auth:23.0.0] AndroidManifest.xml:42:21-49
250                    android:path="/"
250-->[com.google.firebase:firebase-auth:23.0.0] AndroidManifest.xml:43:21-37
251                    android:scheme="genericidp" />
251-->[com.google.firebase:firebase-auth:23.0.0] AndroidManifest.xml:44:21-48
252            </intent-filter>
253        </activity>
254        <activity
254-->[com.google.firebase:firebase-auth:23.0.0] AndroidManifest.xml:47:9-64:20
255            android:name="com.google.firebase.auth.internal.RecaptchaActivity"
255-->[com.google.firebase:firebase-auth:23.0.0] AndroidManifest.xml:48:13-79
256            android:excludeFromRecents="true"
256-->[com.google.firebase:firebase-auth:23.0.0] AndroidManifest.xml:49:13-46
257            android:exported="true"
257-->[com.google.firebase:firebase-auth:23.0.0] AndroidManifest.xml:50:13-36
258            android:launchMode="singleTask"
258-->[com.google.firebase:firebase-auth:23.0.0] AndroidManifest.xml:51:13-44
259            android:theme="@android:style/Theme.Translucent.NoTitleBar" >
259-->[com.google.firebase:firebase-auth:23.0.0] AndroidManifest.xml:52:13-72
260            <intent-filter>
260-->[com.google.firebase:firebase-auth:23.0.0] AndroidManifest.xml:53:13-63:29
261                <action android:name="android.intent.action.VIEW" />
261-->[com.google.firebase:firebase-auth:23.0.0] AndroidManifest.xml:36:17-69
261-->[com.google.firebase:firebase-auth:23.0.0] AndroidManifest.xml:36:25-66
262
263                <category android:name="android.intent.category.DEFAULT" />
263-->src/main/AndroidManifest.xml:51:1-59
263-->src/main/AndroidManifest.xml:51:11-57
264                <category android:name="android.intent.category.BROWSABLE" />
264-->[com.google.firebase:firebase-auth:23.0.0] AndroidManifest.xml:39:17-78
264-->[com.google.firebase:firebase-auth:23.0.0] AndroidManifest.xml:39:27-75
265
266                <data
266-->[com.google.firebase:firebase-auth:23.0.0] AndroidManifest.xml:41:17-44:51
267                    android:host="firebase.auth"
267-->[com.google.firebase:firebase-auth:23.0.0] AndroidManifest.xml:42:21-49
268                    android:path="/"
268-->[com.google.firebase:firebase-auth:23.0.0] AndroidManifest.xml:43:21-37
269                    android:scheme="recaptcha" />
269-->[com.google.firebase:firebase-auth:23.0.0] AndroidManifest.xml:44:21-48
270            </intent-filter>
271        </activity>
272
273        <receiver
273-->[com.google.firebase:firebase-messaging:24.0.0] AndroidManifest.xml:29:9-40:20